<?xml version="1.0" encoding="UTF-8"?>
<!-- Generated by org.testng.reporters.JUnitReportReporter -->
<testsuite hostname="DESKTOP-5IJHCCQ" failures="0" tests="10" name="Runner.loginnobroker" time="65.947" errors="0" timestamp="2022-06-05T22:57:54 IST" skipped="0">
  <testcase classname="Runner.loginnobroker" name="loginApp" time="2.927"/>
  <system-out/>
  <testcase classname="Runner.loginnobroker" name="searchpapp" time="5.069"/>
  <system-out/>
  <testcase classname="Runner.loginnobroker" name="menuappoo" time="1.156"/>
  <system-out>
    <![CDATA[menu Done]]>
  </system-out>
  <testcase classname="Runner.loginnobroker" name="searapp" time="0.702"/>
  <system-out>
    <![CDATA[searching Done]]>
  </system-out>
  <testcase classname="Runner.loginnobroker" name="studyapp" time="7.163"/>
  <system-out/>
  <testcase classname="Runner.loginnobroker" name="aboutaa" time="15.387"/>
  <system-out>
    <![CDATA[rentapp Done]]>
  </system-out>
  <testcase classname="Runner.loginnobroker" name="rentalagr" time="18.447"/>
  <system-out>
    <![CDATA[assertions Done]]>
  </system-out>
  <testcase classname="Runner.loginnobroker" name="loancart" time="8.151"/>
  <system-out/>
  <testcase classname="Runner.loginnobroker" name="siteapp" time="1.617"/>
  <system-out/>
  <testcase classname="Runner.loginnobroker" name="infoapp" time="5.328"/>
  <system-out/>
</testsuite> <!-- Runner.loginnobroker -->
